d:\programming\bujo_poc\devlabelingapp\bujodetector\x64\debug\bujodetector.pdb
d:\programming\bujo_poc\devlabelingapp\bujodetector\x64\debug\bujodetector.obj
d:\programming\bujo_poc\devlabelingapp\bujodetector\x64\debug\assemblyinfo.obj
d:\programming\bujo_poc\devlabelingapp\bujodetector\x64\debug\transform.obj
d:\programming\bujo_poc\devlabelingapp\bujodetector\x64\debug\splits.obj
d:\programming\bujo_poc\devlabelingapp\bujodetector\x64\debug\radon.obj
d:\programming\bujo_poc\devlabelingapp\bujodetector\x64\debug\filters.obj
d:\programming\bujo_poc\devlabelingapp\bujodetector\x64\debug\extremum.obj
d:\programming\bujo_poc\devlabelingapp\bujodetector\x64\debug\detector.obj
d:\programming\bujo_poc\devlabelingapp\bujodetector\x64\debug\curves.obj
d:\programming\bujo_poc\devlabelingapp\bujodetector\x64\debug\.netframework,version=v4.7.2.assemblyattributes.obj
d:\programming\bujo_poc\devlabelingapp\bujodetector\x64\debug\.netframework,version=v4.7.2.assemblyattributes.asm
d:\programming\bujo_poc\devlabelingapp\x64\debug\bujodetector.lib
d:\programming\bujo_poc\devlabelingapp\bujodetector\x64\debug\app.res
d:\programming\bujo_poc\devlabelingapp\x64\debug\bujodetector.pdb
d:\programming\bujo_poc\devlabelingapp\bujodetector\x64\debug\bujodetector.tlog\cl.command.1.tlog
d:\programming\bujo_poc\devlabelingapp\bujodetector\x64\debug\bujodetector.tlog\cl.read.1.tlog
d:\programming\bujo_poc\devlabelingapp\bujodetector\x64\debug\bujodetector.tlog\cl.write.1.tlog
d:\programming\bujo_poc\devlabelingapp\bujodetector\x64\debug\bujodetector.tlog\lib-link-cvtres.read.1.tlog
d:\programming\bujo_poc\devlabelingapp\bujodetector\x64\debug\bujodetector.tlog\lib-link-cvtres.write.1.tlog
d:\programming\bujo_poc\devlabelingapp\bujodetector\x64\debug\bujodetector.tlog\lib.command.1.tlog
d:\programming\bujo_poc\devlabelingapp\bujodetector\x64\debug\bujodetector.tlog\metagen.read.1.tlog
d:\programming\bujo_poc\devlabelingapp\bujodetector\x64\debug\bujodetector.tlog\metagen.write.1.tlog
d:\programming\bujo_poc\devlabelingapp\bujodetector\x64\debug\bujodetector.tlog\rc.command.1.tlog
d:\programming\bujo_poc\devlabelingapp\bujodetector\x64\debug\bujodetector.tlog\rc.read.1.tlog
d:\programming\bujo_poc\devlabelingapp\bujodetector\x64\debug\bujodetector.tlog\rc.write.1.tlog
